<?xml version="1.0" encoding="UTF-8"?>
<testng-results ignored="0" total="1" passed="0" failed="1" skipped="0">
  <reporter-output>
    <line>
      <![CDATA[Element is unable to click: Proxy element for: DefaultElementLocator 'By.xpath: (//a[contains(text(),'Sign up for Online Banking')] '
Expected condition failed: waiting for element to be clickable: Proxy element for: DefaultElementLocator 'By.xpath: (//a[contains(text(),'Sign up for Online Banking')] ' (tried for 10 second(s) with 500 milliseconds interval)<br>]]>
    </line>
  </reporter-output>
  <suite started-at="2022-05-16T01:13:36 EDT" name="Default suite" finished-at="2022-05-16T01:13:57 EDT" duration-ms="21204">
    <groups>
    </groups>
    <test started-at="2022-05-16T01:13:36 EDT" name="Default test" finished-at="2022-05-16T01:13:57 EDT" duration-ms="21204">
      <class name="com.TDBank.Test.QA.LandingPageTest">
        <test-method is-config="true" signature="setUp()[pri:0, instance:com.TDBank.Test.QA.LandingPageTest@48f278eb]" started-at="2022-05-16T01:13:36 EDT" name="setUp" finished-at="2022-05-16T01:13:47 EDT" duration-ms="10675" status="PASS">
          <reporter-output>
          </reporter-output>
        </test-method> <!-- setUp -->
        <test-method signature="signupPage()[pri:0, instance:com.TDBank.Test.QA.LandingPageTest@48f278eb]" started-at="2022-05-16T01:13:47 EDT" name="signupPage" finished-at="2022-05-16T01:13:57 EDT" duration-ms="10492" status="FAIL">
          <exception class="java.lang.AssertionError">
            <message>
              <![CDATA[null]]>
            </message>
            <full-stacktrace>
              <![CDATA[java.lang.AssertionError: null
at org.testng.Assert.fail(Assert.java:99)
at org.testng.Assert.fail(Assert.java:106)
at commons.CommonActions.click(CommonActions.java:30)
at objects.LandingPage.clickSignupButton(LandingPage.java:22)
at com.TDBank.Test.QA.LandingPageTest.signupPage(LandingPageTest.java:13)
at java.base/jdk.internal.reflect.NativeMethodAccessorImpl.invoke0(Native Method)
at java.base/jdk.internal.reflect.NativeMethodAccessorImpl.invoke(NativeMethodAccessorImpl.java:77)
at java.base/jdk.internal.reflect.DelegatingMethodAccessorImpl.invoke(DelegatingMethodAccessorImpl.java:43)
at java.base/java.lang.reflect.Method.invoke(Method.java:568)
at org.testng.internal.MethodInvocationHelper.invokeMethod(MethodInvocationHelper.java:133)
at org.testng.internal.TestInvoker.invokeMethod(TestInvoker.java:598)
at org.testng.internal.TestInvoker.invokeTestMethod(TestInvoker.java:173)
at org.testng.internal.MethodRunner.runInSequence(MethodRunner.java:46)
at org.testng.internal.TestInvoker$MethodInvocationAgent.invoke(TestInvoker.java:824)
at org.testng.internal.TestInvoker.invokeTestMethods(TestInvoker.java:146)
at org.testng.internal.TestMethodWorker.invokeTestMethods(TestMethodWorker.java:146)
at org.testng.internal.TestMethodWorker.run(TestMethodWorker.java:128)
at java.base/java.util.ArrayList.forEach(ArrayList.java:1511)
at org.testng.TestRunner.privateRun(TestRunner.java:794)
at org.testng.TestRunner.run(TestRunner.java:596)
at org.testng.SuiteRunner.runTest(SuiteRunner.java:377)
at org.testng.SuiteRunner.runSequentially(SuiteRunner.java:371)
at org.testng.SuiteRunner.privateRun(SuiteRunner.java:332)
at org.testng.SuiteRunner.run(SuiteRunner.java:276)
at org.testng.SuiteRunnerWorker.runSuite(SuiteRunnerWorker.java:53)
at org.testng.SuiteRunnerWorker.run(SuiteRunnerWorker.java:96)
at org.testng.TestNG.runSuitesSequentially(TestNG.java:1212)
at org.testng.TestNG.runSuitesLocally(TestNG.java:1134)
at org.testng.TestNG.runSuites(TestNG.java:1063)
at org.testng.TestNG.run(TestNG.java:1031)
at org.testng.remote.AbstractRemoteTestNG.run(AbstractRemoteTestNG.java:115)
at org.testng.remote.RemoteTestNG.initAndRun(RemoteTestNG.java:251)
at org.testng.remote.RemoteTestNG.main(RemoteTestNG.java:77)
]]>
            </full-stacktrace>
          </exception> <!-- java.lang.AssertionError -->
          <reporter-output>
            <line>
              <![CDATA[Element is unable to click: Proxy element for: DefaultElementLocator 'By.xpath: (//a[contains(text(),'Sign up for Online Banking')] '
Expected condition failed: waiting for element to be clickable: Proxy element for: DefaultElementLocator 'By.xpath: (//a[contains(text(),'Sign up for Online Banking')] ' (tried for 10 second(s) with 500 milliseconds interval)<br>]]>
            </line>
          </reporter-output>
        </test-method> <!-- signupPage -->
        <test-method is-config="true" signature="cleaningUp()[pri:0, instance:com.TDBank.Test.QA.LandingPageTest@48f278eb]" started-at="2022-05-16T01:13:57 EDT" name="cleaningUp" finished-at="2022-05-16T01:13:57 EDT" duration-ms="1" status="PASS">
          <reporter-output>
          </reporter-output>
        </test-method> <!-- cleaningUp -->
      </class> <!-- com.TDBank.Test.QA.LandingPageTest -->
    </test> <!-- Default test -->
  </suite> <!-- Default suite -->
</testng-results>
